<StaticWebAssets Version="1.0">
  <ContentRoot BasePath="/" Path="/home/goli/Desktop/test/test-blazor/obj/Debug/net5.0/scopedcss/bundle/" />
</StaticWebAssets>